# JRE version: OpenJDK Runtime Environment Temurin-21.0.10+7 (21.0.10+7) (build 21.0.10+7-LTS)
# Java VM: OpenJDK 64-Bit Server VM Temurin-21.0.10+7 (21.0.10+7-LTS, mixed mode, sharing, tiered, compressed oops, compressed class ptrs, parallel gc, windows-amd64)
GC Precious Log:
 CardTable entry size: 512
 CPUs: 12 total, 12 available
 Memory: 11995M
 Large Page Support: Disabled
 NUMA Support: Disabled
 Compressed Oops: Enabled (32-bit)
 Alignments: Space 512K, Generation 512K, Heap 2M
 Heap Min Capacity: 100M
 Heap Initial Capacity: 100M
 Heap Max Capacity: 2G
 Pre-touch: Disabled
 Parallel Workers: 10
Heap:
 PSYoungGen      total 19456K, used 6558K [0x00000000d5580000, 0x00000000d6d00000, 0x0000000100000000)
  eden space 18432K, 32% used [0x00000000d5580000,0x00000000d5b4d6f8,0x00000000d6780000)
  from space 1024K, 60% used [0x00000000d6c00000,0x00000000d6c9a1b8,0x00000000d6d00000)
  to   space 1024K, 0% used [0x00000000d6b00000,0x00000000d6b00000,0x00000000d6c00000)
 ParOldGen       total 68608K, used 36033K [0x0000000080000000, 0x0000000084300000, 0x00000000d5580000)
  object space 68608K, 52% used [0x0000000080000000,0x00000000823307f0,0x0000000084300000)
 Metaspace       used 48405K, committed 49728K, reserved 1114112K
  class space    used 5278K, committed 5888K, reserved 1048576K
GC Heap History (20 events):
Event: 18.541 GC heap before
{Heap before GC invocations=15 (full 2):
 PSYoungGen      total 26624K, used 608K [0x00000000d5580000, 0x00000000d7180000, 0x0000000100000000)
  eden space 22016K, 0% used [0x00000000d5580000,0x00000000d5580000,0x00000000d6b00000)
  from space 4608K, 13% used [0x00000000d6b00000,0x00000000d6b98000,0x00000000d6f80000)
  to   space 2048K, 0% used [0x00000000d6f80000,0x00000000d6f80000,0x00000000d7180000)
 ParOldGen       total 68608K, used 20684K [0x0000000080000000, 0x0000000084300000, 0x00000000d5580000)
  object space 68608K, 30% used [0x0000000080000000,0x00000000814333d0,0x0000000084300000)
 Metaspace       used 34696K, committed 35840K, reserved 1114112K
  class space    used 3576K, committed 4096K, reserved 1048576K
}
Event: 18.567 GC heap after
{Heap after GC invocations=15 (full 2):
 PSYoungGen      total 26624K, used 0K [0x00000000d5580000, 0x00000000d7180000, 0x0000000100000000)
  eden space 22016K, 0% used [0x00000000d5580000,0x00000000d5580000,0x00000000d6b00000)
  from space 4608K, 0% used [0x00000000d6b00000,0x00000000d6b00000,0x00000000d6f80000)
  to   space 2048K, 0% used [0x00000000d6f80000,0x00000000d6f80000,0x00000000d7180000)
 ParOldGen       total 68608K, used 20246K [0x0000000080000000, 0x0000000084300000, 0x00000000d5580000)
  object space 68608K, 29% used [0x0000000080000000,0x00000000813c58c0,0x0000000084300000)
 Metaspace       used 34696K, committed 35840K, reserved 1114112K
  class space    used 3576K, committed 4096K, reserved 1048576K
}
Event: 18.863 GC heap before
{Heap before GC invocations=16 (full 2):
 PSYoungGen      total 26624K, used 22016K [0x00000000d5580000, 0x00000000d7180000, 0x0000000100000000)
  eden space 22016K, 100% used [0x00000000d5580000,0x00000000d6b00000,0x00000000d6b00000)
  from space 4608K, 0% used [0x00000000d6b00000,0x00000000d6b00000,0x00000000d6f80000)
  to   space 2048K, 0% used [0x00000000d6f80000,0x00000000d6f80000,0x00000000d7180000)
 ParOldGen       total 68608K, used 20246K [0x0000000080000000, 0x0000000084300000, 0x00000000d5580000)
  object space 68608K, 29% used [0x0000000080000000,0x00000000813c58c0,0x0000000084300000)
 Metaspace       used 37343K, committed 38528K, reserved 1114112K
  class space    used 3917K, committed 4480K, reserved 1048576K
}
Event: 18.865 GC heap after
{Heap after GC invocations=16 (full 2):
 PSYoungGen      total 23552K, used 1472K [0x00000000d5580000, 0x00000000d7100000, 0x0000000100000000)
  eden space 22016K, 0% used [0x00000000d5580000,0x00000000d5580000,0x00000000d6b00000)
  from space 1536K, 95% used [0x00000000d6f80000,0x00000000d70f0000,0x00000000d7100000)
  to   space 2048K, 0% used [0x00000000d6d00000,0x00000000d6d00000,0x00000000d6f00000)
 ParOldGen       total 68608K, used 20254K [0x0000000080000000, 0x0000000084300000, 0x00000000d5580000)
  object space 68608K, 29% used [0x0000000080000000,0x00000000813c78c0,0x0000000084300000)
 Metaspace       used 37343K, committed 38528K, reserved 1114112K
  class space    used 3917K, committed 4480K, reserved 1048576K
}
Event: 19.134 GC heap before
{Heap before GC invocations=17 (full 2):
 PSYoungGen      total 23552K, used 23488K [0x00000000d5580000, 0x00000000d7100000, 0x0000000100000000)
  eden space 22016K, 100% used [0x00000000d5580000,0x00000000d6b00000,0x00000000d6b00000)
  from space 1536K, 95% used [0x00000000d6f80000,0x00000000d70f0000,0x00000000d7100000)
  to   space 2048K, 0% used [0x00000000d6d00000,0x00000000d6d00000,0x00000000d6f00000)
 ParOldGen       total 68608K, used 20254K [0x0000000080000000, 0x0000000084300000, 0x00000000d5580000)
  object space 68608K, 29% used [0x0000000080000000,0x00000000813c78c0,0x0000000084300000)
 Metaspace       used 38428K, committed 39616K, reserved 1114112K
  class space    used 4074K, committed 4608K, reserved 1048576K
}
Event: 19.137 GC heap after
{Heap after GC invocations=17 (full 2):
 PSYoungGen      total 24064K, used 2034K [0x00000000d5580000, 0x00000000d7700000, 0x0000000100000000)
  eden space 22016K, 0% used [0x00000000d5580000,0x00000000d5580000,0x00000000d6b00000)
  from space 2048K, 99% used [0x00000000d6d00000,0x00000000d6efcbe8,0x00000000d6f00000)
  to   space 6144K, 0% used [0x00000000d7100000,0x00000000d7100000,0x00000000d7700000)
 ParOldGen       total 68608K, used 23624K [0x0000000080000000, 0x0000000084300000, 0x00000000d5580000)
  object space 68608K, 34% used [0x0000000080000000,0x0000000081712320,0x0000000084300000)
 Metaspace       used 38428K, committed 39616K, reserved 1114112K
  class space    used 4074K, committed 4608K, reserved 1048576K
}
Event: 19.330 GC heap before
{Heap before GC invocations=18 (full 2):
 PSYoungGen      total 24064K, used 24050K [0x00000000d5580000, 0x00000000d7700000, 0x0000000100000000)
  eden space 22016K, 100% used [0x00000000d5580000,0x00000000d6b00000,0x00000000d6b00000)
  from space 2048K, 99% used [0x00000000d6d00000,0x00000000d6efcbe8,0x00000000d6f00000)
  to   space 6144K, 0% used [0x00000000d7100000,0x00000000d7100000,0x00000000d7700000)
 ParOldGen       total 68608K, used 23624K [0x0000000080000000, 0x0000000084300000, 0x00000000d5580000)
  object space 68608K, 34% used [0x0000000080000000,0x0000000081712320,0x0000000084300000)
 Metaspace       used 39633K, committed 40832K, reserved 1114112K
  class space    used 4231K, committed 4800K, reserved 1048576K
}
Event: 19.337 GC heap after
{Heap after GC invocations=18 (full 2):
 PSYoungGen      total 24576K, used 6144K [0x00000000d5580000, 0x00000000d7e00000, 0x0000000100000000)
  eden space 18432K, 0% used [0x00000000d5580000,0x00000000d5580000,0x00000000d6780000)
  from space 6144K, 100% used [0x00000000d7100000,0x00000000d7700000,0x00000000d7700000)
  to   space 9728K, 0% used [0x00000000d6780000,0x00000000d6780000,0x00000000d7100000)
 ParOldGen       total 68608K, used 26218K [0x0000000080000000, 0x0000000084300000, 0x00000000d5580000)
  object space 68608K, 38% used [0x0000000080000000,0x000000008199ab78,0x0000000084300000)
 Metaspace       used 39633K, committed 40832K, reserved 1114112K
  class space    used 4231K, committed 4800K, reserved 1048576K
}
Event: 19.708 GC heap before
{Heap before GC invocations=19 (full 2):
 PSYoungGen      total 24576K, used 24576K [0x00000000d5580000, 0x00000000d7e00000, 0x0000000100000000)
  eden space 18432K, 100% used [0x00000000d5580000,0x00000000d6780000,0x00000000d6780000)
  from space 6144K, 100% used [0x00000000d7100000,0x00000000d7700000,0x00000000d7700000)
  to   space 9728K, 0% used [0x00000000d6780000,0x00000000d6780000,0x00000000d7100000)
 ParOldGen       total 68608K, used 26218K [0x0000000080000000, 0x0000000084300000, 0x00000000d5580000)
  object space 68608K, 38% used [0x0000000080000000,0x000000008199ab78,0x0000000084300000)
 Metaspace       used 41654K, committed 42816K, reserved 1114112K
  class space    used 4493K, committed 5056K, reserved 1048576K
}
Event: 19.712 GC heap after
{Heap after GC invocations=19 (full 2):
 PSYoungGen      total 19456K, used 736K [0x00000000d5580000, 0x00000000d7180000, 0x0000000100000000)
  eden space 18432K, 0% used [0x00000000d5580000,0x00000000d5580000,0x00000000d6780000)
  from space 1024K, 71% used [0x00000000d6780000,0x00000000d6838000,0x00000000d6880000)
  to   space 4096K, 0% used [0x00000000d6d80000,0x00000000d6d80000,0x00000000d7180000)
 ParOldGen       total 68608K, used 32356K [0x0000000080000000, 0x0000000084300000, 0x00000000d5580000)
  object space 68608K, 47% used [0x0000000080000000,0x0000000081f992d8,0x0000000084300000)
 Metaspace       used 41654K, committed 42816K, reserved 1114112K
  class space    used 4493K, committed 5056K, reserved 1048576K
}
Event: 20.348 GC heap before
{Heap before GC invocations=20 (full 2):
 PSYoungGen      total 19456K, used 19168K [0x00000000d5580000, 0x00000000d7180000, 0x0000000100000000)
  eden space 18432K, 100% used [0x00000000d5580000,0x00000000d6780000,0x00000000d6780000)
  from space 1024K, 71% used [0x00000000d6780000,0x00000000d6838000,0x00000000d6880000)
  to   space 4096K, 0% used [0x00000000d6d80000,0x00000000d6d80000,0x00000000d7180000)
 ParOldGen       total 68608K, used 32356K [0x0000000080000000, 0x0000000084300000, 0x00000000d5580000)
  object space 68608K, 47% used [0x0000000080000000,0x0000000081f992d8,0x0000000084300000)
 Metaspace       used 43737K, committed 44928K, reserved 1114112K
  class space    used 4769K, committed 5312K, reserved 1048576K
}
Event: 20.350 GC heap after
{Heap after GC invocations=20 (full 2):
 PSYoungGen      total 19968K, used 1376K [0x00000000d5580000, 0x00000000d6f00000, 0x0000000100000000)
  eden space 18432K, 0% used [0x00000000d5580000,0x00000000d5580000,0x00000000d6780000)
  from space 1536K, 89% used [0x00000000d6d80000,0x00000000d6ed8000,0x00000000d6f00000)
  to   space 2048K, 0% used [0x00000000d6b00000,0x00000000d6b00000,0x00000000d6d00000)
 ParOldGen       total 68608K, used 32972K [0x0000000080000000, 0x0000000084300000, 0x00000000d5580000)
  object space 68608K, 48% used [0x0000000080000000,0x00000000820332d8,0x0000000084300000)
 Metaspace       used 43737K, committed 44928K, reserved 1114112K
  class space    used 4769K, committed 5312K, reserved 1048576K
}
Event: 20.866 GC heap before
{Heap before GC invocations=21 (full 2):
 PSYoungGen      total 19968K, used 19808K [0x00000000d5580000, 0x00000000d6f00000, 0x0000000100000000)
  eden space 18432K, 100% used [0x00000000d5580000,0x00000000d6780000,0x00000000d6780000)
  from space 1536K, 89% used [0x00000000d6d80000,0x00000000d6ed8000,0x00000000d6f00000)
  to   space 2048K, 0% used [0x00000000d6b00000,0x00000000d6b00000,0x00000000d6d00000)
 ParOldGen       total 68608K, used 32972K [0x0000000080000000, 0x0000000084300000, 0x00000000d5580000)
  object space 68608K, 48% used [0x0000000080000000,0x00000000820332d8,0x0000000084300000)
 Metaspace       used 45862K, committed 47104K, reserved 1114112K
  class space    used 5039K, committed 5568K, reserved 1048576K
}
Event: 20.869 GC heap after
{Heap after GC invocations=21 (full 2):
 PSYoungGen      total 19968K, used 1371K [0x00000000d5580000, 0x00000000d6e00000, 0x0000000100000000)
  eden space 18432K, 0% used [0x00000000d5580000,0x00000000d5580000,0x00000000d6780000)
  from space 1536K, 89% used [0x00000000d6b00000,0x00000000d6c56e98,0x00000000d6c80000)
  to   space 1536K, 0% used [0x00000000d6c80000,0x00000000d6c80000,0x00000000d6e00000)
 ParOldGen       total 68608K, used 34123K [0x0000000080000000, 0x0000000084300000, 0x00000000d5580000)
  object space 68608K, 49% used [0x0000000080000000,0x0000000082152ff8,0x0000000084300000)
 Metaspace       used 45862K, committed 47104K, reserved 1114112K
  class space    used 5039K, committed 5568K, reserved 1048576K
}
Event: 21.841 GC heap before
{Heap before GC invocations=22 (full 2):
 PSYoungGen      total 19968K, used 19803K [0x00000000d5580000, 0x00000000d6e00000, 0x0000000100000000)
  eden space 18432K, 100% used [0x00000000d5580000,0x00000000d6780000,0x00000000d6780000)
  from space 1536K, 89% used [0x00000000d6b00000,0x00000000d6c56e98,0x00000000d6c80000)
  to   space 1536K, 0% used [0x00000000d6c80000,0x00000000d6c80000,0x00000000d6e00000)
 ParOldGen       total 68608K, used 34123K [0x0000000080000000, 0x0000000084300000, 0x00000000d5580000)
  object space 68608K, 49% used [0x0000000080000000,0x0000000082152ff8,0x0000000084300000)
 Metaspace       used 46429K, committed 47680K, reserved 1114112K
  class space    used 5083K, committed 5632K, reserved 1048576K
}
Event: 21.842 GC heap after
{Heap after GC invocations=22 (full 2):
 PSYoungGen      total 18944K, used 352K [0x00000000d5580000, 0x00000000d6d00000, 0x0000000100000000)
  eden space 18432K, 0% used [0x00000000d5580000,0x00000000d5580000,0x00000000d6780000)
  from space 512K, 68% used [0x00000000d6c80000,0x00000000d6cd8000,0x00000000d6d00000)
  to   space 1024K, 0% used [0x00000000d6b00000,0x00000000d6b00000,0x00000000d6c00000)
 ParOldGen       total 68608K, used 35201K [0x0000000080000000, 0x0000000084300000, 0x00000000d5580000)
  object space 68608K, 51% used [0x0000000080000000,0x0000000082260540,0x0000000084300000)
 Metaspace       used 46429K, committed 47680K, reserved 1114112K
  class space    used 5083K, committed 5632K, reserved 1048576K
}
Event: 22.004 GC heap before
{Heap before GC invocations=23 (full 2):
 PSYoungGen      total 18944K, used 18784K [0x00000000d5580000, 0x00000000d6d00000, 0x0000000100000000)
  eden space 18432K, 100% used [0x00000000d5580000,0x00000000d6780000,0x00000000d6780000)
  from space 512K, 68% used [0x00000000d6c80000,0x00000000d6cd8000,0x00000000d6d00000)
  to   space 1024K, 0% used [0x00000000d6b00000,0x00000000d6b00000,0x00000000d6c00000)
 ParOldGen       total 68608K, used 35201K [0x0000000080000000, 0x0000000084300000, 0x00000000d5580000)
  object space 68608K, 51% used [0x0000000080000000,0x0000000082260540,0x0000000084300000)
 Metaspace       used 46654K, committed 47872K, reserved 1114112K
  class space    used 5111K, committed 5632K, reserved 1048576K
}
Event: 22.005 GC heap after
{Heap after GC invocations=23 (full 2):
 PSYoungGen      total 19456K, used 864K [0x00000000d5580000, 0x00000000d6d00000, 0x0000000100000000)
  eden space 18432K, 0% used [0x00000000d5580000,0x00000000d5580000,0x00000000d6780000)
  from space 1024K, 84% used [0x00000000d6b00000,0x00000000d6bd8000,0x00000000d6c00000)
  to   space 1024K, 0% used [0x00000000d6c00000,0x00000000d6c00000,0x00000000d6d00000)
 ParOldGen       total 68608K, used 35351K [0x0000000080000000, 0x0000000084300000, 0x00000000d5580000)
  object space 68608K, 51% used [0x0000000080000000,0x0000000082285c80,0x0000000084300000)
 Metaspace       used 46654K, committed 47872K, reserved 1114112K
  class space    used 5111K, committed 5632K, reserved 1048576K
}
Event: 22.883 GC heap before
{Heap before GC invocations=24 (full 2):
 PSYoungGen      total 19456K, used 19296K [0x00000000d5580000, 0x00000000d6d00000, 0x0000000100000000)
  eden space 18432K, 100% used [0x00000000d5580000,0x00000000d6780000,0x00000000d6780000)
  from space 1024K, 84% used [0x00000000d6b00000,0x00000000d6bd8000,0x00000000d6c00000)
  to   space 1024K, 0% used [0x00000000d6c00000,0x00000000d6c00000,0x00000000d6d00000)
 ParOldGen       total 68608K, used 35351K [0x0000000080000000, 0x0000000084300000, 0x00000000d5580000)
  object space 68608K, 51% used [0x0000000080000000,0x0000000082285c80,0x0000000084300000)
 Metaspace       used 48039K, committed 49280K, reserved 1114112K
  class space    used 5248K, committed 5760K, reserved 1048576K
}
Event: 22.885 GC heap after
{Heap after GC invocations=24 (full 2):
 PSYoungGen      total 19456K, used 616K [0x00000000d5580000, 0x00000000d6d00000, 0x0000000100000000)
  eden space 18432K, 0% used [0x00000000d5580000,0x00000000d5580000,0x00000000d6780000)
  from space 1024K, 60% used [0x00000000d6c00000,0x00000000d6c9a1b8,0x00000000d6d00000)
  to   space 1024K, 0% used [0x00000000d6b00000,0x00000000d6b00000,0x00000000d6c00000)
 ParOldGen       total 68608K, used 36033K [0x0000000080000000, 0x0000000084300000, 0x00000000d5580000)
  object space 68608K, 52% used [0x0000000080000000,0x00000000823307f0,0x0000000084300000)
 Metaspace       used 48039K, committed 49280K, reserved 1114112K
  class space    used 5248K, committed 5760K, reserved 1048576K
}

