# JRE version: Java(TM) SE Runtime Environment (22.0.2+9) (build 22.0.2+9-70)
# Java VM: Java HotSpot(TM) 64-Bit Server VM (22.0.2+9-70, mixed mode, sharing, tiered, compressed oops, compressed class ptrs, g1 gc, windows-amd64)
GC Precious Log:
 CardTable entry size: 512
 Card Set container configuration: InlinePtr #cards 4 size 8 Array Of Cards #cards 16 size 48 Howl #buckets 8 coarsen threshold 3686 Howl Bitmap #cards 512 size 80 coarsen threshold 460 Card regions per heap region 1 cards per card region 4096
 CPUs: 12 total, 12 available
 Memory: 11995M
 Large Page Support: Disabled
 NUMA Support: Disabled
 Compressed Oops: Enabled (Zero based)
 Heap Region Size: 2M
 Heap Min Capacity: 8M
 Heap Initial Capacity: 188M
 Heap Max Capacity: 3000M
 Pre-touch: Disabled
 Parallel Workers: 10
 Concurrent Workers: 3
 Concurrent Refinement Workers: 10
 Periodic GC: Disabled
Heap:
 garbage-first heap   total reserved 3072000K, committed 86016K, used 70634K [0x0000000744800000, 0x0000000800000000)
  region size 2048K, 22 young (45056K), 3 survivors (6144K)
 Metaspace       used 80042K, committed 80768K, reserved 1179648K
  class space    used 11428K, committed 11776K, reserved 1048576K
GC Heap History (20 events):
Event: 2.871 GC heap before
{Heap before GC invocations=4 (full 0):
 garbage-first heap   total reserved 3072000K, committed 49152K, used 46779K [0x0000000744800000, 0x0000000800000000)
  region size 2048K, 20 young (40960K), 3 survivors (6144K)
 Metaspace       used 25717K, committed 26176K, reserved 1114112K
  class space    used 3286K, committed 3456K, reserved 1048576K
}
Event: 2.880 GC heap after
{Heap after GC invocations=5 (full 0):
 garbage-first heap   total reserved 3072000K, committed 59392K, used 16894K [0x0000000744800000, 0x0000000800000000)
  region size 2048K, 5 young (10240K), 5 survivors (10240K)
 Metaspace       used 25717K, committed 26176K, reserved 1114112K
  class space    used 3286K, committed 3456K, reserved 1048576K
}
Event: 3.717 GC heap before
{Heap before GC invocations=5 (full 0):
 garbage-first heap   total reserved 3072000K, committed 59392K, used 41470K [0x0000000744800000, 0x0000000800000000)
  region size 2048K, 17 young (34816K), 5 survivors (10240K)
 Metaspace       used 29462K, committed 29952K, reserved 1114112K
  class space    used 3787K, committed 4032K, reserved 1048576K
}
Event: 3.729 GC heap after
{Heap after GC invocations=6 (full 0):
 garbage-first heap   total reserved 3072000K, committed 59392K, used 18530K [0x0000000744800000, 0x0000000800000000)
  region size 2048K, 3 young (6144K), 3 survivors (6144K)
 Metaspace       used 29462K, committed 29952K, reserved 1114112K
  class space    used 3787K, committed 4032K, reserved 1048576K
}
Event: 4.560 GC heap before
{Heap before GC invocations=6 (full 0):
 garbage-first heap   total reserved 3072000K, committed 59392K, used 45154K [0x0000000744800000, 0x0000000800000000)
  region size 2048K, 16 young (32768K), 3 survivors (6144K)
 Metaspace       used 34782K, committed 35328K, reserved 1114112K
  class space    used 4537K, committed 4800K, reserved 1048576K
}
Event: 4.570 GC heap after
{Heap after GC invocations=7 (full 0):
 garbage-first heap   total reserved 3072000K, committed 59392K, used 21227K [0x0000000744800000, 0x0000000800000000)
  region size 2048K, 2 young (4096K), 2 survivors (4096K)
 Metaspace       used 34782K, committed 35328K, reserved 1114112K
  class space    used 4537K, committed 4800K, reserved 1048576K
}
Event: 4.688 GC heap before
{Heap before GC invocations=7 (full 0):
 garbage-first heap   total reserved 3072000K, committed 59392K, used 25323K [0x0000000744800000, 0x0000000800000000)
  region size 2048K, 5 young (10240K), 2 survivors (4096K)
 Metaspace       used 35381K, committed 35968K, reserved 1114112K
  class space    used 4633K, committed 4928K, reserved 1048576K
}
Event: 4.695 GC heap after
{Heap after GC invocations=8 (full 0):
 garbage-first heap   total reserved 3072000K, committed 71680K, used 22296K [0x0000000744800000, 0x0000000800000000)
  region size 2048K, 1 young (2048K), 1 survivors (2048K)
 Metaspace       used 35381K, committed 35968K, reserved 1114112K
  class space    used 4633K, committed 4928K, reserved 1048576K
}
Event: 5.572 GC heap before
{Heap before GC invocations=9 (full 0):
 garbage-first heap   total reserved 3072000K, committed 71680K, used 55064K [0x0000000744800000, 0x0000000800000000)
  region size 2048K, 18 young (36864K), 1 survivors (2048K)
 Metaspace       used 44167K, committed 44864K, reserved 1114112K
  class space    used 6165K, committed 6464K, reserved 1048576K
}
Event: 5.579 GC heap after
{Heap after GC invocations=10 (full 0):
 garbage-first heap   total reserved 3072000K, committed 71680K, used 24783K [0x0000000744800000, 0x0000000800000000)
  region size 2048K, 2 young (4096K), 2 survivors (4096K)
 Metaspace       used 44167K, committed 44864K, reserved 1114112K
  class space    used 6165K, committed 6464K, reserved 1048576K
}
Event: 6.464 GC heap before
{Heap before GC invocations=10 (full 0):
 garbage-first heap   total reserved 3072000K, committed 71680K, used 57551K [0x0000000744800000, 0x0000000800000000)
  region size 2048K, 19 young (38912K), 2 survivors (4096K)
 Metaspace       used 53649K, committed 54272K, reserved 1114112K
  class space    used 7284K, committed 7552K, reserved 1048576K
}
Event: 6.481 GC heap after
{Heap after GC invocations=11 (full 0):
 garbage-first heap   total reserved 3072000K, committed 71680K, used 26345K [0x0000000744800000, 0x0000000800000000)
  region size 2048K, 3 young (6144K), 3 survivors (6144K)
 Metaspace       used 53649K, committed 54272K, reserved 1114112K
  class space    used 7284K, committed 7552K, reserved 1048576K
}
Event: 6.889 GC heap before
{Heap before GC invocations=11 (full 0):
 garbage-first heap   total reserved 3072000K, committed 71680K, used 44777K [0x0000000744800000, 0x0000000800000000)
  region size 2048K, 13 young (26624K), 3 survivors (6144K)
 Metaspace       used 59509K, committed 60096K, reserved 1114112K
  class space    used 8125K, committed 8384K, reserved 1048576K
}
Event: 6.902 GC heap after
{Heap after GC invocations=12 (full 0):
 garbage-first heap   total reserved 3072000K, committed 71680K, used 27148K [0x0000000744800000, 0x0000000800000000)
  region size 2048K, 2 young (4096K), 2 survivors (4096K)
 Metaspace       used 59509K, committed 60096K, reserved 1114112K
  class space    used 8125K, committed 8384K, reserved 1048576K
}
Event: 7.624 GC heap before
{Heap before GC invocations=13 (full 0):
 garbage-first heap   total reserved 3072000K, committed 71680K, used 59916K [0x0000000744800000, 0x0000000800000000)
  region size 2048K, 18 young (36864K), 2 survivors (4096K)
 Metaspace       used 65935K, committed 66624K, reserved 1114112K
  class space    used 9203K, committed 9536K, reserved 1048576K
}
Event: 7.631 GC heap after
{Heap after GC invocations=14 (full 0):
 garbage-first heap   total reserved 3072000K, committed 71680K, used 28262K [0x0000000744800000, 0x0000000800000000)
  region size 2048K, 3 young (6144K), 3 survivors (6144K)
 Metaspace       used 65935K, committed 66624K, reserved 1114112K
  class space    used 9203K, committed 9536K, reserved 1048576K
}
Event: 8.336 GC heap before
{Heap before GC invocations=14 (full 0):
 garbage-first heap   total reserved 3072000K, committed 71680K, used 56934K [0x0000000744800000, 0x0000000800000000)
  region size 2048K, 17 young (34816K), 3 survivors (6144K)
 Metaspace       used 72072K, committed 72832K, reserved 1114112K
  class space    used 10079K, committed 10432K, reserved 1048576K
}
Event: 8.341 GC heap after
{Heap after GC invocations=15 (full 0):
 garbage-first heap   total reserved 3072000K, committed 86016K, used 30443K [0x0000000744800000, 0x0000000800000000)
  region size 2048K, 3 young (6144K), 3 survivors (6144K)
 Metaspace       used 72072K, committed 72832K, reserved 1114112K
  class space    used 10079K, committed 10432K, reserved 1048576K
}
Event: 9.016 GC heap before
{Heap before GC invocations=15 (full 0):
 garbage-first heap   total reserved 3072000K, committed 86016K, used 71403K [0x0000000744800000, 0x0000000800000000)
  region size 2048K, 23 young (47104K), 3 survivors (6144K)
 Metaspace       used 75504K, committed 76224K, reserved 1114112K
  class space    used 10721K, committed 11072K, reserved 1048576K
}
Event: 9.021 GC heap after
{Heap after GC invocations=16 (full 0):
 garbage-first heap   total reserved 3072000K, committed 86016K, used 33770K [0x0000000744800000, 0x0000000800000000)
  region size 2048K, 3 young (6144K), 3 survivors (6144K)
 Metaspace       used 75504K, committed 76224K, reserved 1114112K
  class space    used 10721K, committed 11072K, reserved 1048576K
}

