# JRE version: Java(TM) SE Runtime Environment (22.0.2+9) (build 22.0.2+9-70)
# Java VM: Java HotSpot(TM) 64-Bit Server VM (22.0.2+9-70, mixed mode, sharing, tiered, compressed oops, compressed class ptrs, g1 gc, windows-amd64)
GC Precious Log:
 CardTable entry size: 512
 Card Set container configuration: InlinePtr #cards 4 size 8 Array Of Cards #cards 16 size 48 Howl #buckets 8 coarsen threshold 3686 Howl Bitmap #cards 512 size 80 coarsen threshold 460 Card regions per heap region 1 cards per card region 4096
 CPUs: 12 total, 12 available
 Memory: 11995M
 Large Page Support: Disabled
 NUMA Support: Disabled
 Compressed Oops: Enabled (Zero based)
 Heap Region Size: 2M
 Heap Min Capacity: 8M
 Heap Initial Capacity: 188M
 Heap Max Capacity: 3000M
 Pre-touch: Disabled
 Parallel Workers: 10
 Concurrent Workers: 3
 Concurrent Refinement Workers: 10
 Periodic GC: Disabled
Heap:
 garbage-first heap   total reserved 3072000K, committed 86016K, used 62204K [0x0000000744800000, 0x0000000800000000)
  region size 2048K, 13 young (26624K), 2 survivors (4096K)
 Metaspace       used 94024K, committed 94976K, reserved 1179648K
  class space    used 13407K, committed 13824K, reserved 1048576K
GC Heap History (20 events):
Event: 6.134 GC heap before
{Heap before GC invocations=10 (full 0):
 garbage-first heap   total reserved 3072000K, committed 71680K, used 60590K [0x0000000744800000, 0x0000000800000000)
  region size 2048K, 20 young (40960K), 2 survivors (4096K)
 Metaspace       used 54420K, committed 55104K, reserved 1114112K
  class space    used 7380K, committed 7680K, reserved 1048576K
}
Event: 6.141 GC heap after
{Heap after GC invocations=11 (full 0):
 garbage-first heap   total reserved 3072000K, committed 71680K, used 25559K [0x0000000744800000, 0x0000000800000000)
  region size 2048K, 3 young (6144K), 3 survivors (6144K)
 Metaspace       used 54420K, committed 55104K, reserved 1114112K
  class space    used 7380K, committed 7680K, reserved 1048576K
}
Event: 6.510 GC heap before
{Heap before GC invocations=11 (full 0):
 garbage-first heap   total reserved 3072000K, committed 71680K, used 37847K [0x0000000744800000, 0x0000000800000000)
  region size 2048K, 11 young (22528K), 3 survivors (6144K)
 Metaspace       used 59449K, committed 60096K, reserved 1114112K
  class space    used 8147K, committed 8448K, reserved 1048576K
}
Event: 6.524 GC heap after
{Heap after GC invocations=12 (full 0):
 garbage-first heap   total reserved 3072000K, committed 71680K, used 26878K [0x0000000744800000, 0x0000000800000000)
  region size 2048K, 2 young (4096K), 2 survivors (4096K)
 Metaspace       used 59449K, committed 60096K, reserved 1114112K
  class space    used 8147K, committed 8448K, reserved 1048576K
}
Event: 7.290 GC heap before
{Heap before GC invocations=13 (full 0):
 garbage-first heap   total reserved 3072000K, committed 71680K, used 59646K [0x0000000744800000, 0x0000000800000000)
  region size 2048K, 18 young (36864K), 2 survivors (4096K)
 Metaspace       used 65946K, committed 66688K, reserved 1114112K
  class space    used 9212K, committed 9536K, reserved 1048576K
}
Event: 7.297 GC heap after
{Heap after GC invocations=14 (full 0):
 garbage-first heap   total reserved 3072000K, committed 71680K, used 27983K [0x0000000744800000, 0x0000000800000000)
  region size 2048K, 3 young (6144K), 3 survivors (6144K)
 Metaspace       used 65946K, committed 66688K, reserved 1114112K
  class space    used 9212K, committed 9536K, reserved 1048576K
}
Event: 7.924 GC heap before
{Heap before GC invocations=14 (full 0):
 garbage-first heap   total reserved 3072000K, committed 71680K, used 54607K [0x0000000744800000, 0x0000000800000000)
  region size 2048K, 17 young (34816K), 3 survivors (6144K)
 Metaspace       used 72070K, committed 72768K, reserved 1114112K
  class space    used 10099K, committed 10432K, reserved 1048576K
}
Event: 7.931 GC heap after
{Heap after GC invocations=15 (full 0):
 garbage-first heap   total reserved 3072000K, committed 71680K, used 30132K [0x0000000744800000, 0x0000000800000000)
  region size 2048K, 3 young (6144K), 3 survivors (6144K)
 Metaspace       used 72070K, committed 72768K, reserved 1114112K
  class space    used 10099K, committed 10432K, reserved 1048576K
}
Event: 8.285 GC heap before
{Heap before GC invocations=15 (full 0):
 garbage-first heap   total reserved 3072000K, committed 71680K, used 56756K [0x0000000744800000, 0x0000000800000000)
  region size 2048K, 16 young (32768K), 3 survivors (6144K)
 Metaspace       used 73620K, committed 74304K, reserved 1114112K
  class space    used 10353K, committed 10624K, reserved 1048576K
}
Event: 8.291 GC heap after
{Heap after GC invocations=16 (full 0):
 garbage-first heap   total reserved 3072000K, committed 71680K, used 32469K [0x0000000744800000, 0x0000000800000000)
  region size 2048K, 2 young (4096K), 2 survivors (4096K)
 Metaspace       used 73620K, committed 74304K, reserved 1114112K
  class space    used 10353K, committed 10624K, reserved 1048576K
}
Event: 8.709 GC heap before
{Heap before GC invocations=16 (full 0):
 garbage-first heap   total reserved 3072000K, committed 71680K, used 59093K [0x0000000744800000, 0x0000000800000000)
  region size 2048K, 15 young (30720K), 2 survivors (4096K)
 Metaspace       used 77628K, committed 78336K, reserved 1179648K
  class space    used 11104K, committed 11392K, reserved 1048576K
}
Event: 8.713 GC heap after
{Heap after GC invocations=17 (full 0):
 garbage-first heap   total reserved 3072000K, committed 71680K, used 33644K [0x0000000744800000, 0x0000000800000000)
  region size 2048K, 2 young (4096K), 2 survivors (4096K)
 Metaspace       used 77628K, committed 78336K, reserved 1179648K
  class space    used 11104K, committed 11392K, reserved 1048576K
}
Event: 9.228 GC heap before
{Heap before GC invocations=17 (full 0):
 garbage-first heap   total reserved 3072000K, committed 71680K, used 60268K [0x0000000744800000, 0x0000000800000000)
  region size 2048K, 15 young (30720K), 2 survivors (4096K)
 Metaspace       used 80082K, committed 80832K, reserved 1179648K
  class space    used 11442K, committed 11776K, reserved 1048576K
}
Event: 9.233 GC heap after
{Heap after GC invocations=18 (full 0):
 garbage-first heap   total reserved 3072000K, committed 71680K, used 35769K [0x0000000744800000, 0x0000000800000000)
  region size 2048K, 2 young (4096K), 2 survivors (4096K)
 Metaspace       used 80082K, committed 80832K, reserved 1179648K
  class space    used 11442K, committed 11776K, reserved 1048576K
}
Event: 9.890 GC heap before
{Heap before GC invocations=18 (full 0):
 garbage-first heap   total reserved 3072000K, committed 71680K, used 60345K [0x0000000744800000, 0x0000000800000000)
  region size 2048K, 14 young (28672K), 2 survivors (4096K)
 Metaspace       used 82680K, committed 83456K, reserved 1179648K
  class space    used 11826K, committed 12160K, reserved 1048576K
}
Event: 9.895 GC heap after
{Heap after GC invocations=19 (full 0):
 garbage-first heap   total reserved 3072000K, committed 71680K, used 37900K [0x0000000744800000, 0x0000000800000000)
  region size 2048K, 2 young (4096K), 2 survivors (4096K)
 Metaspace       used 82680K, committed 83456K, reserved 1179648K
  class space    used 11826K, committed 12160K, reserved 1048576K
}
Event: 29.034 GC heap before
{Heap before GC invocations=20 (full 0):
 garbage-first heap   total reserved 3072000K, committed 71680K, used 58380K [0x0000000744800000, 0x0000000800000000)
  region size 2048K, 13 young (26624K), 2 survivors (4096K)
 Metaspace       used 87444K, committed 88256K, reserved 1179648K
  class space    used 12541K, committed 12928K, reserved 1048576K
}
Event: 29.052 GC heap after
{Heap after GC invocations=21 (full 0):
 garbage-first heap   total reserved 3072000K, committed 86016K, used 39679K [0x0000000744800000, 0x0000000800000000)
  region size 2048K, 1 young (2048K), 1 survivors (2048K)
 Metaspace       used 87444K, committed 88256K, reserved 1179648K
  class space    used 12541K, committed 12928K, reserved 1048576K
}
Event: 49.793 GC heap before
{Heap before GC invocations=21 (full 0):
 garbage-first heap   total reserved 3072000K, committed 86016K, used 74495K [0x0000000744800000, 0x0000000800000000)
  region size 2048K, 19 young (38912K), 1 survivors (2048K)
 Metaspace       used 91911K, committed 92800K, reserved 1179648K
  class space    used 13176K, committed 13568K, reserved 1048576K
}
Event: 49.813 GC heap after
{Heap after GC invocations=22 (full 0):
 garbage-first heap   total reserved 3072000K, committed 86016K, used 41724K [0x0000000744800000, 0x0000000800000000)
  region size 2048K, 2 young (4096K), 2 survivors (4096K)
 Metaspace       used 91911K, committed 92800K, reserved 1179648K
  class space    used 13176K, committed 13568K, reserved 1048576K
}

